time="2024-04-21T17:51:07+08:00" level=info msg="Start the schedules"
time="2024-04-21T17:51:07+08:00" level=info msg="init schedules"
time="2024-04-21T17:51:07+08:00" level=info msg="schedules is initialized"
time="2024-04-21T17:52:10+08:00" level=info msg="Starting job for policy 5"
time="2024-04-21T16:56:58+08:00" level=info msg="Starting job for policy 5"
time="2024-04-21T16:57:02+08:00" level=info msg="Starting job for policy 5"
g="Starting job for policy 5"
00" level=error msg="schedule backup job for schedule:[9], policy[5] failed"
edule:[9], policy[5] failed"
time="2024-04-21T15:10:08+08:00" level=info msg="Starting job for policy 5"
me="2024-04-21T14:52:13+08:00" level=info msg="stopping schedules"
time="2024-04-21T14:52:13+08:00" level=info msg="schedules manager is stopped"
ing job for policy 5"
time="2024-04-21T11:02:00+08:00" level=info msg="Starting job for policy 5"
time="2024-04-21T11:03:00+08:00" level=info msg="Starting job for policy 5"
time="2024-04-21T11:04:00+08:00" level=info msg="Starting job for policy 5"
time="2024-04-21T11:04:39+08:00" level=info msg="stopping time scheduler"
time="2024-04-21T11:04:39+08:00" level=info msg="stopping schedules"
time="2024-04-21T11:04:39+08:00" level=info msg="schedules manager is stopped"
cy 5"
time="2024-04-21T09:34:00+08:00" level=info msg="Starting job for policy 5"
time="2024-04-21T09:35:00+08:00" level=info msg="Starting job for policy 5"
time="2024-04-21T09:36:00+08:00" level=info msg="Starting job for policy 5"
time="2024-04-21T09:37:00+08:00" level=info msg="Starting job for policy 5"
time="2024-04-21T09:38:00+08:00" level=info msg="Starting job for policy 5"
time="2024-04-21T09:39:00+08:00" level=info msg="Starting job for policy 5"
time="2024-04-21T09:40:00+08:00" level=info msg="Starting job for policy 5"
time="2024-04-21T09:41:00+08:00" level=info msg="Starting job for policy 5"
time="2024-04-21T09:42:00+08:00" level=info msg="Starting job for policy 5"
time="2024-04-21T09:43:00+08:00" level=info msg="Starting job for policy 5"
time="2024-04-21T09:44:00+08:00" level=info msg="Starting job for policy 5"
time="2024-04-21T09:45:00+08:00" level=info msg="Starting job for policy 5"
time="2024-04-21T09:46:00+08:00" level=info msg="Starting job for policy 5"
time="2024-04-21T09:47:00+08:00" level=info msg="Starting job for policy 5"
time="2024-04-21T09:48:00+08:00" level=info msg="Starting job for policy 5"
time="2024-04-21T09:49:00+08:00" level=info msg="Starting job for policy 5"
time="2024-04-21T09:50:00+08:00" level=info msg="Starting job for policy 5"
time="2024-04-21T09:51:00+08:00" level=info msg="Starting job for policy 5"
time="2024-04-21T09:52:00+08:00" level=info msg="Starting job for policy 5"
time="2024-04-21T09:53:00+08:00" level=info msg="Starting job for policy 5"
time="2024-04-21T09:54:00+08:00" level=info msg="Starting job for policy 5"
time="2024-04-21T09:55:00+08:00" level=info msg="Starting job for policy 5"
time="2024-04-21T09:56:00+08:00" level=info msg="Starting job for policy 5"
time="2024-04-21T09:57:00+08:00" level=info msg="Starting job for policy 5"
time="2024-04-21T09:58:00+08:00" level=info msg="Starting job for policy 5"
time="2024-04-21T09:59:00+08:00" level=info msg="Starting job for policy 5"
time="2024-04-21T10:00:00+08:00" level=info msg="Starting job for policy 5"
time="2024-04-21T10:01:00+08:00" level=info msg="Starting job for policy 5"
time="2024-04-21T10:02:00+08:00" level=info msg="Starting job for policy 5"
time="2024-04-21T10:03:00+08:00" level=info msg="Starting job for policy 5"
time="2024-04-21T10:04:00+08:00" level=info msg="Starting job for policy 5"
time="2024-04-21T10:05:00+08:00" level=info msg="Starting job for policy 5"
time="2024-04-21T10:06:00+08:00" level=info msg="Starting job for policy 5"
time="2024-04-21T10:07:00+08:00" level=info msg="Starting job for policy 5"
time="2024-04-21T10:08:00+08:00" level=info msg="Starting job for policy 5"
time="2024-04-21T10:09:00+08:00" level=info msg="Starting job for policy 5"
time="2024-04-21T10:10:00+08:00" level=info msg="Starting job for policy 5"
time="2024-04-21T10:11:00+08:00" level=info msg="Starting job for policy 5"
time="2024-04-21T10:12:00+08:00" level=info msg="Starting job for policy 5"
time="2024-04-21T10:13:00+08:00" level=info msg="Starting job for policy 5"
time="2024-04-21T10:14:00+08:00" level=info msg="Starting job for policy 5"
time="2024-04-21T10:15:00+08:00" level=info msg="Starting job for policy 5"
time="2024-04-21T10:16:00+08:00" level=info msg="Starting job for policy 5"
time="2024-04-21T10:17:00+08:00" level=info msg="Starting job for policy 5"
time="2024-04-21T10:18:00+08:00" level=info msg="Starting job for policy 5"
time="2024-04-21T10:19:00+08:00" level=info msg="Starting job for policy 5"
time="2024-04-21T10:19:02+08:00" level=info msg="schedules heart is beating"
time="2024-04-21T10:20:00+08:00" level=info msg="Starting job for policy 5"
time="2024-04-21T10:21:00+08:00" level=info msg="Starting job for policy 5"
time="2024-04-21T10:22:00+08:00" level=info msg="Starting job for policy 5"
time="2024-04-21T10:23:00+08:00" level=info msg="Starting job for policy 5"
time="2024-04-21T10:24:00+08:00" level=info msg="Starting job for policy 5"
time="2024-04-21T10:25:00+08:00" level=info msg="Starting job for policy 5"
time="2024-04-21T10:26:00+08:00" level=info msg="Starting job for policy 5"
time="2024-04-21T10:27:00+08:00" level=info msg="Starting job for policy 5"
time="2024-04-21T10:28:00+08:00" level=info msg="Starting job for policy 5"
time="2024-04-21T10:29:00+08:00" level=info msg="Starting job for policy 5"
time="2024-04-21T10:30:00+08:00" level=info msg="Starting job for policy 5"
time="2024-04-21T10:31:00+08:00" level=info msg="Starting job for policy 5"
time="2024-04-21T10:32:00+08:00" level=info msg="Starting job for policy 5"
time="2024-04-21T10:33:00+08:00" level=info msg="Starting job for policy 5"
time="2024-04-21T10:34:00+08:00" level=info msg="Starting job for policy 5"
time="2024-04-21T10:35:00+08:00" level=info msg="Starting job for policy 5"
time="2024-04-21T10:36:00+08:00" level=info msg="Starting job for policy 5"
time="2024-04-21T10:37:00+08:00" level=info msg="Starting job for policy 5"
time="2024-04-21T10:38:00+08:00" level=info msg="Starting job for policy 5"
time="2024-04-21T10:39:00+08:00" level=info msg="Starting job for policy 5"
time="2024-04-21T10:40:00+08:00" level=info msg="Starting job for policy 5"
time="2024-04-21T10:41:00+08:00" level=info msg="Starting job for policy 5"
time="2024-04-21T10:42:00+08:00" level=info msg="Starting job for policy 5"
time="2024-04-21T10:43:00+08:00" level=info msg="Starting job for policy 5"
time="2024-04-21T10:44:00+08:00" level=info msg="Starting job for policy 5"
time="2024-04-21T10:45:00+08:00" level=info msg="Starting job for policy 5"
time="2024-04-21T10:46:00+08:00" level=info msg="Starting job for policy 5"
time="2024-04-21T10:46:42+08:00" level=info msg="stopping time scheduler"
time="2024-04-21T10:46:42+08:00" level=info msg="stopping schedules"
time="2024-04-21T10:46:42+08:00" level=info msg="schedules manager is stopped"
